# JRE version: OpenJDK Runtime Environment (11.0.10) (build 11.0.10+0-b96-7249189)
# Java VM: OpenJDK 64-Bit Server VM (11.0.10+0-b96-7249189, mixed mode, tiered, compressed oops, g1 gc, windows-amd64)
Heap:
 garbage-first heap   total 663552K, used 224122K [0x0000000080000000, 0x0000000100000000)
  region size 1024K, 3 young (3072K), 3 survivors (3072K)
 Metaspace       used 130917K, capacity 133892K, committed 135464K, reserved 1167360K
  class space    used 15693K, capacity 16815K, committed 17356K, reserved 1048576K
GC Heap History (20 events):
Event: 4408.259 GC heap after
{Heap after GC invocations=109 (full 0):
 garbage-first heap   total 471040K, used 136755K [0x0000000080000000, 0x0000000100000000)
  region size 1024K, 13 young (13312K), 13 survivors (13312K)
 Metaspace       used 128305K, capacity 131120K, committed 133160K, reserved 1165312K
  class space    used 15581K, capacity 16645K, committed 17356K, reserved 1048576K
}
Event: 4411.100 GC heap before
{Heap before GC invocations=110 (full 0):
 garbage-first heap   total 471040K, used 278812K [0x0000000080000000, 0x0000000100000000)
  region size 1024K, 160 young (163840K), 13 survivors (13312K)
 Metaspace       used 129238K, capacity 132134K, committed 133928K, reserved 1165312K
  class space    used 15639K, capacity 16743K, committed 17356K, reserved 1048576K
}
Event: 4411.188 GC heap after
{Heap after GC invocations=111 (full 0):
 garbage-first heap   total 471040K, used 141519K [0x0000000080000000, 0x0000000100000000)
  region size 1024K, 20 young (20480K), 20 survivors (20480K)
 Metaspace       used 129238K, capacity 132134K, committed 133928K, reserved 1165312K
  class space    used 15639K, capacity 16743K, committed 17356K, reserved 1048576K
}
Event: 4411.224 GC heap before
{Heap before GC invocations=111 (full 0):
 garbage-first heap   total 471040K, used 144591K [0x0000000080000000, 0x0000000100000000)
  region size 1024K, 23 young (23552K), 20 survivors (20480K)
 Metaspace       used 129255K, capacity 132198K, committed 133928K, reserved 1165312K
  class space    used 15639K, capacity 16743K, committed 17356K, reserved 1048576K
}
Event: 4411.266 GC heap after
{Heap after GC invocations=112 (full 0):
 garbage-first heap   total 471040K, used 136781K [0x0000000080000000, 0x0000000100000000)
  region size 1024K, 2 young (2048K), 2 survivors (2048K)
 Metaspace       used 129255K, capacity 132198K, committed 133928K, reserved 1165312K
  class space    used 15639K, capacity 16743K, committed 17356K, reserved 1048576K
}
Event: 4414.173 GC heap before
{Heap before GC invocations=112 (full 0):
 garbage-first heap   total 471040K, used 289357K [0x0000000080000000, 0x0000000100000000)
  region size 1024K, 153 young (156672K), 2 survivors (2048K)
 Metaspace       used 129760K, capacity 132644K, committed 134440K, reserved 1167360K
  class space    used 15648K, capacity 16751K, committed 17356K, reserved 1048576K
}
Event: 4414.199 GC heap after
{Heap after GC invocations=113 (full 0):
 garbage-first heap   total 471040K, used 139489K [0x0000000080000000, 0x0000000100000000)
  region size 1024K, 5 young (5120K), 5 survivors (5120K)
 Metaspace       used 129760K, capacity 132644K, committed 134440K, reserved 1167360K
  class space    used 15648K, capacity 16751K, committed 17356K, reserved 1048576K
}
Event: 4416.934 GC heap before
{Heap before GC invocations=114 (full 0):
 garbage-first heap   total 471040K, used 366817K [0x0000000080000000, 0x0000000100000000)
  region size 1024K, 191 young (195584K), 5 survivors (5120K)
 Metaspace       used 130870K, capacity 133827K, committed 135208K, reserved 1167360K
  class space    used 15693K, capacity 16815K, committed 17356K, reserved 1048576K
}
Event: 4417.181 GC heap after
{Heap after GC invocations=115 (full 0):
 garbage-first heap   total 471040K, used 185864K [0x0000000080000000, 0x0000000100000000)
  region size 1024K, 24 young (24576K), 24 survivors (24576K)
 Metaspace       used 130870K, capacity 133827K, committed 135208K, reserved 1167360K
  class space    used 15693K, capacity 16815K, committed 17356K, reserved 1048576K
}
Event: 4417.188 GC heap before
{Heap before GC invocations=115 (full 0):
 garbage-first heap   total 471040K, used 186888K [0x0000000080000000, 0x0000000100000000)
  region size 1024K, 25 young (25600K), 24 survivors (24576K)
 Metaspace       used 130872K, capacity 133827K, committed 135208K, reserved 1167360K
  class space    used 15693K, capacity 16815K, committed 17356K, reserved 1048576K
}
Event: 4417.328 GC heap after
{Heap after GC invocations=116 (full 0):
 garbage-first heap   total 471040K, used 181706K [0x0000000080000000, 0x0000000100000000)
  region size 1024K, 2 young (2048K), 2 survivors (2048K)
 Metaspace       used 130872K, capacity 133827K, committed 135208K, reserved 1167360K
  class space    used 15693K, capacity 16815K, committed 17356K, reserved 1048576K
}
Event: 4417.535 GC heap before
{Heap before GC invocations=116 (full 0):
 garbage-first heap   total 471040K, used 203210K [0x0000000080000000, 0x0000000100000000)
  region size 1024K, 23 young (23552K), 2 survivors (2048K)
 Metaspace       used 130909K, capacity 133891K, committed 135464K, reserved 1167360K
  class space    used 15693K, capacity 16815K, committed 17356K, reserved 1048576K
}
Event: 4417.571 GC heap after
{Heap after GC invocations=117 (full 0):
 garbage-first heap   total 471040K, used 193536K [0x0000000080000000, 0x0000000100000000)
  region size 1024K, 3 young (3072K), 3 survivors (3072K)
 Metaspace       used 130909K, capacity 133891K, committed 135464K, reserved 1167360K
  class space    used 15693K, capacity 16815K, committed 17356K, reserved 1048576K
}
Event: 4417.785 GC heap before
{Heap before GC invocations=117 (full 0):
 garbage-first heap   total 471040K, used 220160K [0x0000000080000000, 0x0000000100000000)
  region size 1024K, 31 young (31744K), 3 survivors (3072K)
 Metaspace       used 130909K, capacity 133891K, committed 135464K, reserved 1167360K
  class space    used 15693K, capacity 16815K, committed 17356K, reserved 1048576K
}
Event: 4417.829 GC heap after
{Heap after GC invocations=118 (full 0):
 garbage-first heap   total 471040K, used 211456K [0x0000000080000000, 0x0000000100000000)
  region size 1024K, 12 young (12288K), 12 survivors (12288K)
 Metaspace       used 130909K, capacity 133891K, committed 135464K, reserved 1167360K
  class space    used 15693K, capacity 16815K, committed 17356K, reserved 1048576K
}
Event: 4418.742 GC heap before
{Heap before GC invocations=119 (full 0):
 garbage-first heap   total 471040K, used 254464K [0x0000000080000000, 0x0000000100000000)
  region size 1024K, 60 young (61440K), 12 survivors (12288K)
 Metaspace       used 130915K, capacity 133892K, committed 135464K, reserved 1167360K
  class space    used 15693K, capacity 16815K, committed 17356K, reserved 1048576K
}
Event: 4418.809 GC heap after
{Heap after GC invocations=120 (full 0):
 garbage-first heap   total 471040K, used 220160K [0x0000000080000000, 0x0000000100000000)
  region size 1024K, 8 young (8192K), 8 survivors (8192K)
 Metaspace       used 130915K, capacity 133892K, committed 135464K, reserved 1167360K
  class space    used 15693K, capacity 16815K, committed 17356K, reserved 1048576K
}
Event: 4419.158 GC heap before
{Heap before GC invocations=120 (full 0):
 garbage-first heap   total 471040K, used 243712K [0x0000000080000000, 0x0000000100000000)
  region size 1024K, 23 young (23552K), 8 survivors (8192K)
 Metaspace       used 130917K, capacity 133892K, committed 135464K, reserved 1167360K
  class space    used 15693K, capacity 16815K, committed 17356K, reserved 1048576K
}
Event: 4419.210 GC heap after
{Heap after GC invocations=121 (full 0):
 garbage-first heap   total 471040K, used 219136K [0x0000000080000000, 0x0000000100000000)
  region size 1024K, 3 young (3072K), 3 survivors (3072K)
 Metaspace       used 130917K, capacity 133892K, committed 135464K, reserved 1167360K
  class space    used 15693K, capacity 16815K, committed 17356K, reserved 1048576K
}
Event: 4419.410 GC heap before
{Heap before GC invocations=121 (full 0):
 garbage-first heap   total 471040K, used 244736K [0x0000000080000000, 0x0000000100000000)
  region size 1024K, 23 young (23552K), 3 survivors (3072K)
 Metaspace       used 130917K, capacity 133892K, committed 135464K, reserved 1167360K
  class space    used 15693K, capacity 16815K, committed 17356K, reserved 1048576K
}

