# JRE version: OpenJDK Runtime Environment (11.0.8+10) (build 11.0.8+10-b944.6842174)
# Java VM: OpenJDK 64-Bit Server VM (11.0.8+10-b944.6842174, mixed mode, tiered, compressed oops, g1 gc, windows-amd64)
Heap:
 garbage-first heap   total 225280K, used 154270K [0x0000000080000000, 0x0000000100000000)
  region size 1024K, 44 young (45056K), 3 survivors (3072K)
 Metaspace       used 119414K, capacity 122600K, committed 122656K, reserved 1157120K
  class space    used 14606K, capacity 15672K, committed 15700K, reserved 1048576K
GC Heap History (20 events):
Event: 186.995 GC heap before
{Heap before GC invocations=26 (full 0):
 garbage-first heap   total 225280K, used 160089K [0x0000000080000000, 0x0000000100000000)
  region size 1024K, 59 young (60416K), 9 survivors (9216K)
 Metaspace       used 103832K, capacity 106884K, committed 107168K, reserved 1142784K
  class space    used 13010K, capacity 13991K, committed 14036K, reserved 1048576K
}
Event: 187.031 GC heap after
{Heap after GC invocations=27 (full 0):
 garbage-first heap   total 225280K, used 118595K [0x0000000080000000, 0x0000000100000000)
  region size 1024K, 10 young (10240K), 10 survivors (10240K)
 Metaspace       used 103832K, capacity 106884K, committed 107168K, reserved 1142784K
  class space    used 13010K, capacity 13991K, committed 14036K, reserved 1048576K
}
Event: 188.067 GC heap before
{Heap before GC invocations=28 (full 0):
 garbage-first heap   total 225280K, used 182083K [0x0000000080000000, 0x0000000100000000)
  region size 1024K, 69 young (70656K), 10 survivors (10240K)
 Metaspace       used 103970K, capacity 107012K, committed 107168K, reserved 1142784K
  class space    used 13010K, capacity 13991K, committed 14036K, reserved 1048576K
}
Event: 188.097 GC heap after
{Heap after GC invocations=29 (full 0):
 garbage-first heap   total 225280K, used 129024K [0x0000000080000000, 0x0000000100000000)
  region size 1024K, 9 young (9216K), 9 survivors (9216K)
 Metaspace       used 103970K, capacity 107012K, committed 107168K, reserved 1142784K
  class space    used 13010K, capacity 13991K, committed 14036K, reserved 1048576K
}
Event: 188.127 GC heap before
{Heap before GC invocations=29 (full 0):
 garbage-first heap   total 225280K, used 130048K [0x0000000080000000, 0x0000000100000000)
  region size 1024K, 11 young (11264K), 9 survivors (9216K)
 Metaspace       used 103971K, capacity 107012K, committed 107168K, reserved 1142784K
  class space    used 13010K, capacity 13991K, committed 14036K, reserved 1048576K
}
Event: 188.146 GC heap after
{Heap after GC invocations=30 (full 0):
 garbage-first heap   total 225280K, used 127255K [0x0000000080000000, 0x0000000100000000)
  region size 1024K, 2 young (2048K), 2 survivors (2048K)
 Metaspace       used 103971K, capacity 107012K, committed 107168K, reserved 1142784K
  class space    used 13010K, capacity 13991K, committed 14036K, reserved 1048576K
}
Event: 188.459 GC heap before
{Heap before GC invocations=30 (full 0):
 garbage-first heap   total 225280K, used 142615K [0x0000000080000000, 0x0000000100000000)
  region size 1024K, 19 young (19456K), 2 survivors (2048K)
 Metaspace       used 104861K, capacity 108019K, committed 108320K, reserved 1142784K
  class space    used 13097K, capacity 14112K, committed 14164K, reserved 1048576K
}
Event: 188.465 GC heap after
{Heap after GC invocations=31 (full 0):
 garbage-first heap   total 225280K, used 126573K [0x0000000080000000, 0x0000000100000000)
  region size 1024K, 1 young (1024K), 1 survivors (1024K)
 Metaspace       used 104861K, capacity 108019K, committed 108320K, reserved 1142784K
  class space    used 13097K, capacity 14112K, committed 14164K, reserved 1048576K
}
Event: 191.421 GC heap before
{Heap before GC invocations=32 (full 0):
 garbage-first heap   total 225280K, used 207469K [0x0000000080000000, 0x0000000100000000)
  region size 1024K, 57 young (58368K), 1 survivors (1024K)
 Metaspace       used 109720K, capacity 112923K, committed 113184K, reserved 1148928K
  class space    used 13619K, capacity 14652K, committed 14676K, reserved 1048576K
}
Event: 191.435 GC heap after
{Heap after GC invocations=33 (full 0):
 garbage-first heap   total 225280K, used 132905K [0x0000000080000000, 0x0000000100000000)
  region size 1024K, 6 young (6144K), 6 survivors (6144K)
 Metaspace       used 109720K, capacity 112923K, committed 113184K, reserved 1148928K
  class space    used 13619K, capacity 14652K, committed 14676K, reserved 1048576K
}
Event: 191.491 GC heap before
{Heap before GC invocations=33 (full 0):
 garbage-first heap   total 225280K, used 138025K [0x0000000080000000, 0x0000000100000000)
  region size 1024K, 11 young (11264K), 6 survivors (6144K)
 Metaspace       used 109767K, capacity 112941K, committed 113184K, reserved 1148928K
  class space    used 13623K, capacity 14655K, committed 14676K, reserved 1048576K
}
Event: 191.506 GC heap after
{Heap after GC invocations=34 (full 0):
 garbage-first heap   total 225280K, used 132206K [0x0000000080000000, 0x0000000100000000)
  region size 1024K, 2 young (2048K), 2 survivors (2048K)
 Metaspace       used 109767K, capacity 112941K, committed 113184K, reserved 1148928K
  class space    used 13623K, capacity 14655K, committed 14676K, reserved 1048576K
}
Event: 192.413 GC heap before
{Heap before GC invocations=34 (full 0):
 garbage-first heap   total 225280K, used 184430K [0x0000000080000000, 0x0000000100000000)
  region size 1024K, 54 young (55296K), 2 survivors (2048K)
 Metaspace       used 113070K, capacity 116275K, committed 116640K, reserved 1150976K
  class space    used 13872K, capacity 14913K, committed 15060K, reserved 1048576K
}
Event: 192.441 GC heap after
{Heap after GC invocations=35 (full 0):
 garbage-first heap   total 225280K, used 138240K [0x0000000080000000, 0x0000000100000000)
  region size 1024K, 7 young (7168K), 7 survivors (7168K)
 Metaspace       used 113070K, capacity 116275K, committed 116640K, reserved 1150976K
  class space    used 13872K, capacity 14913K, committed 15060K, reserved 1048576K
}
Event: 193.302 GC heap before
{Heap before GC invocations=36 (full 0):
 garbage-first heap   total 225280K, used 178176K [0x0000000080000000, 0x0000000100000000)
  region size 1024K, 55 young (56320K), 7 survivors (7168K)
 Metaspace       used 113960K, capacity 117125K, committed 117408K, reserved 1150976K
  class space    used 13939K, capacity 14981K, committed 15060K, reserved 1048576K
}
Event: 193.309 GC heap after
{Heap after GC invocations=37 (full 0):
 garbage-first heap   total 225280K, used 125908K [0x0000000080000000, 0x0000000100000000)
  region size 1024K, 1 young (1024K), 1 survivors (1024K)
 Metaspace       used 113960K, capacity 117125K, committed 117408K, reserved 1150976K
  class space    used 13939K, capacity 14981K, committed 15060K, reserved 1048576K
}
Event: 193.535 GC heap before
{Heap before GC invocations=37 (full 0):
 garbage-first heap   total 225280K, used 135124K [0x0000000080000000, 0x0000000100000000)
  region size 1024K, 11 young (11264K), 1 survivors (1024K)
 Metaspace       used 114102K, capacity 117291K, committed 117408K, reserved 1150976K
  class space    used 13954K, capacity 15014K, committed 15060K, reserved 1048576K
}
Event: 193.547 GC heap after
{Heap after GC invocations=38 (full 0):
 garbage-first heap   total 225280K, used 111911K [0x0000000080000000, 0x0000000100000000)
  region size 1024K, 1 young (1024K), 1 survivors (1024K)
 Metaspace       used 114102K, capacity 117291K, committed 117408K, reserved 1150976K
  class space    used 13954K, capacity 15014K, committed 15060K, reserved 1048576K
}
Event: 195.453 GC heap before
{Heap before GC invocations=38 (full 0):
 garbage-first heap   total 225280K, used 174375K [0x0000000080000000, 0x0000000100000000)
  region size 1024K, 62 young (63488K), 1 survivors (1024K)
 Metaspace       used 118127K, capacity 121340K, committed 121504K, reserved 1155072K
  class space    used 14443K, capacity 15510K, committed 15572K, reserved 1048576K
}
Event: 195.467 GC heap after
{Heap after GC invocations=39 (full 0):
 garbage-first heap   total 225280K, used 114334K [0x0000000080000000, 0x0000000100000000)
  region size 1024K, 3 young (3072K), 3 survivors (3072K)
 Metaspace       used 118127K, capacity 121340K, committed 121504K, reserved 1155072K
  class space    used 14443K, capacity 15510K, committed 15572K, reserved 1048576K
}

