# JRE version: OpenJDK Runtime Environment (11.0.8+10) (build 11.0.8+10-b944.6842174)
# Java VM: OpenJDK 64-Bit Server VM (11.0.8+10-b944.6842174, mixed mode, tiered, compressed oops, g1 gc, windows-amd64)
Heap:
 garbage-first heap   total 489472K, used 182848K [0x0000000080000000, 0x0000000100000000)
  region size 1024K, 6 young (6144K), 6 survivors (6144K)
 Metaspace       used 105912K, capacity 108526K, committed 108752K, reserved 1142784K
  class space    used 13560K, capacity 14492K, committed 14592K, reserved 1048576K
GC Heap History (20 events):
Event: 29.253 GC heap after
{Heap after GC invocations=33 (full 0):
 garbage-first heap   total 233472K, used 155706K [0x0000000080000000, 0x0000000100000000)
  region size 1024K, 1 young (1024K), 1 survivors (1024K)
 Metaspace       used 91501K, capacity 93817K, committed 93904K, reserved 1130496K
  class space    used 11923K, capacity 12775K, committed 12800K, reserved 1048576K
}
Event: 29.429 GC heap before
{Heap before GC invocations=33 (full 0):
 garbage-first heap   total 233472K, used 164922K [0x0000000080000000, 0x0000000100000000)
  region size 1024K, 11 young (11264K), 1 survivors (1024K)
 Metaspace       used 91677K, capacity 94002K, committed 94288K, reserved 1130496K
  class space    used 11944K, capacity 12805K, committed 12928K, reserved 1048576K
}
Event: 29.433 GC heap after
{Heap after GC invocations=34 (full 0):
 garbage-first heap   total 233472K, used 154086K [0x0000000080000000, 0x0000000100000000)
  region size 1024K, 1 young (1024K), 1 survivors (1024K)
 Metaspace       used 91677K, capacity 94002K, committed 94288K, reserved 1130496K
  class space    used 11944K, capacity 12805K, committed 12928K, reserved 1048576K
}
Event: 29.819 GC heap before
{Heap before GC invocations=34 (full 0):
 garbage-first heap   total 233472K, used 182758K [0x0000000080000000, 0x0000000100000000)
  region size 1024K, 31 young (31744K), 1 survivors (1024K)
 Metaspace       used 91988K, capacity 94390K, committed 94544K, reserved 1130496K
  class space    used 11974K, capacity 12847K, committed 12928K, reserved 1048576K
}
Event: 29.826 GC heap after
{Heap after GC invocations=35 (full 0):
 garbage-first heap   total 295936K, used 154369K [0x0000000080000000, 0x0000000100000000)
  region size 1024K, 1 young (1024K), 1 survivors (1024K)
 Metaspace       used 91988K, capacity 94390K, committed 94544K, reserved 1130496K
  class space    used 11974K, capacity 12847K, committed 12928K, reserved 1048576K
}
Event: 31.073 GC heap before
{Heap before GC invocations=36 (full 0):
 garbage-first heap   total 295936K, used 211713K [0x0000000080000000, 0x0000000100000000)
  region size 1024K, 69 young (70656K), 1 survivors (1024K)
 Metaspace       used 92069K, capacity 94458K, committed 94544K, reserved 1130496K
  class space    used 11978K, capacity 12847K, committed 12928K, reserved 1048576K
}
Event: 31.084 GC heap after
{Heap after GC invocations=37 (full 0):
 garbage-first heap   total 295936K, used 147289K [0x0000000080000000, 0x0000000100000000)
  region size 1024K, 6 young (6144K), 6 survivors (6144K)
 Metaspace       used 92069K, capacity 94458K, committed 94544K, reserved 1130496K
  class space    used 11978K, capacity 12847K, committed 12928K, reserved 1048576K
}
Event: 31.254 GC heap before
{Heap before GC invocations=37 (full 0):
 garbage-first heap   total 295936K, used 155481K [0x0000000080000000, 0x0000000100000000)
  region size 1024K, 14 young (14336K), 6 survivors (6144K)
 Metaspace       used 92070K, capacity 94458K, committed 94544K, reserved 1130496K
  class space    used 11978K, capacity 12847K, committed 12928K, reserved 1048576K
}
Event: 31.272 GC heap after
{Heap after GC invocations=38 (full 0):
 garbage-first heap   total 295936K, used 125727K [0x0000000080000000, 0x0000000100000000)
  region size 1024K, 1 young (1024K), 1 survivors (1024K)
 Metaspace       used 92070K, capacity 94458K, committed 94544K, reserved 1130496K
  class space    used 11978K, capacity 12847K, committed 12928K, reserved 1048576K
}
Event: 32.489 GC heap before
{Heap before GC invocations=38 (full 0):
 garbage-first heap   total 295936K, used 213791K [0x0000000080000000, 0x0000000100000000)
  region size 1024K, 87 young (89088K), 1 survivors (1024K)
 Metaspace       used 92999K, capacity 95301K, committed 95440K, reserved 1132544K
  class space    used 12119K, capacity 12959K, committed 13056K, reserved 1048576K
}
Event: 32.494 GC heap after
{Heap after GC invocations=39 (full 0):
 garbage-first heap   total 295936K, used 123596K [0x0000000080000000, 0x0000000100000000)
  region size 1024K, 1 young (1024K), 1 survivors (1024K)
 Metaspace       used 92999K, capacity 95301K, committed 95440K, reserved 1132544K
  class space    used 12119K, capacity 12959K, committed 13056K, reserved 1048576K
}
Event: 36.188 GC heap before
{Heap before GC invocations=39 (full 0):
 garbage-first heap   total 295936K, used 220876K [0x0000000080000000, 0x0000000100000000)
  region size 1024K, 95 young (97280K), 1 survivors (1024K)
 Metaspace       used 101398K, capacity 103835K, committed 104144K, reserved 1138688K
  class space    used 13098K, capacity 13985K, committed 14080K, reserved 1048576K
}
Event: 36.198 GC heap after
{Heap after GC invocations=40 (full 0):
 garbage-first heap   total 295936K, used 129576K [0x0000000080000000, 0x0000000100000000)
  region size 1024K, 5 young (5120K), 5 survivors (5120K)
 Metaspace       used 101398K, capacity 103835K, committed 104144K, reserved 1138688K
  class space    used 13098K, capacity 13985K, committed 14080K, reserved 1048576K
}
Event: 38.072 GC heap before
{Heap before GC invocations=40 (full 0):
 garbage-first heap   total 295936K, used 230952K [0x0000000080000000, 0x0000000100000000)
  region size 1024K, 99 young (101376K), 5 survivors (5120K)
 Metaspace       used 105655K, capacity 108321K, committed 108496K, reserved 1142784K
  class space    used 13569K, capacity 14514K, committed 14592K, reserved 1048576K
}
Event: 38.105 GC heap after
{Heap after GC invocations=41 (full 0):
 garbage-first heap   total 295936K, used 146015K [0x0000000080000000, 0x0000000100000000)
  region size 1024K, 13 young (13312K), 13 survivors (13312K)
 Metaspace       used 105655K, capacity 108321K, committed 108496K, reserved 1142784K
  class space    used 13569K, capacity 14514K, committed 14592K, reserved 1048576K
}
Event: 39.820 GC heap before
{Heap before GC invocations=41 (full 0):
 garbage-first heap   total 295936K, used 245343K [0x0000000080000000, 0x0000000100000000)
  region size 1024K, 95 young (97280K), 13 survivors (13312K)
 Metaspace       used 105935K, capacity 108590K, committed 108752K, reserved 1142784K
  class space    used 13573K, capacity 14515K, committed 14592K, reserved 1048576K
}
Event: 39.902 GC heap after
{Heap after GC invocations=42 (full 0):
 garbage-first heap   total 295936K, used 180224K [0x0000000080000000, 0x0000000100000000)
  region size 1024K, 12 young (12288K), 12 survivors (12288K)
 Metaspace       used 105935K, capacity 108590K, committed 108752K, reserved 1142784K
  class space    used 13573K, capacity 14515K, committed 14592K, reserved 1048576K
}
Event: 40.583 GC heap before
{Heap before GC invocations=42 (full 0):
 garbage-first heap   total 295936K, used 230400K [0x0000000080000000, 0x0000000100000000)
  region size 1024K, 62 young (63488K), 12 survivors (12288K)
 Metaspace       used 105949K, capacity 108593K, committed 108752K, reserved 1142784K
  class space    used 13573K, capacity 14515K, committed 14592K, reserved 1048576K
}
Event: 40.758 GC heap after
{Heap after GC invocations=43 (full 0):
 garbage-first heap   total 295936K, used 200704K [0x0000000080000000, 0x0000000100000000)
  region size 1024K, 8 young (8192K), 8 survivors (8192K)
 Metaspace       used 105949K, capacity 108593K, committed 108752K, reserved 1142784K
  class space    used 13573K, capacity 14515K, committed 14592K, reserved 1048576K
}
Event: 41.615 GC heap before
{Heap before GC invocations=44 (full 0):
 garbage-first heap   total 295936K, used 208896K [0x0000000080000000, 0x0000000100000000)
  region size 1024K, 44 young (45056K), 8 survivors (8192K)
 Metaspace       used 105912K, capacity 108526K, committed 108752K, reserved 1142784K
  class space    used 13560K, capacity 14492K, committed 14592K, reserved 1048576K
}

